-------------------------------------------------------------------------------
Test set: com.spring66.tutorial.dao.UserDaoTest
-------------------------------------------------------------------------------
Tests run: 4, Failures: 1, Errors: 1, Skipped: 0, Time elapsed: 1.3 sec <<< FAILURE!
testListAllUsers(com.spring66.tutorial.dao.UserDaoTest)  Time elapsed: 0.451 sec  <<< FAILURE!
junit.framework.AssertionFailedError: expected:<2> but was:<3>
	at junit.framework.Assert.fail(Assert.java:47)
	at junit.framework.Assert.failNotEquals(Assert.java:282)
	at junit.framework.Assert.assertEquals(Assert.java:64)
	at junit.framework.Assert.assertEquals(Assert.java:201)
	at junit.framework.Assert.assertEquals(Assert.java:207)
	at com.spring66.tutorial.dao.UserDaoTest.testListAllUsers(UserDaoTest.java:43)

testAddUser(com.spring66.tutorial.dao.UserDaoTest)  Time elapsed: 0.14 sec  <<< ERROR!
org.springframework.dao.DataIntegrityViolationException: SqlMapClient operation; SQL [];   
--- The error occurred in ibatis/users.xml.  
--- The error occurred while applying a parameter map.  
--- Check the insertUser-InlineParameterMap.  
--- Check the statement (update failed).  
--- Cause: com.mysql.jdbc.exceptions.jdbc4.MySQLIntegrityConstraintViolationException: Duplicate entry 'user123' for key 'PRIMARY'; nested exception is com.ibatis.common.jdbc.exception.NestedSQLException:   
--- The error occurred in ibatis/users.xml.  
--- The error occurred while applying a parameter map.  
--- Check the insertUser-InlineParameterMap.  
--- Check the statement (update failed).  
--- Cause: com.mysql.jdbc.exceptions.jdbc4.MySQLIntegrityConstraintViolationException: Duplicate entry 'user123' for key 'PRIMARY'
	at org.springframework.jdbc.support.SQLErrorCodeSQLExceptionTranslator.doTranslate(SQLErrorCodeSQLExceptionTranslator.java:228)
	at org.springframework.jdbc.support.AbstractFallbackSQLExceptionTranslator.translate(AbstractFallbackSQLExceptionTranslator.java:72)
	at org.springframework.orm.ibatis.SqlMapClientTemplate.execute(SqlMapClientTemplate.java:212)
	at org.springframework.orm.ibatis.SqlMapClientTemplate.insert(SqlMapClientTemplate.java:397)
	at com.spring66.tutorial.dao.impl.UserDaoImpl.addUser(UserDaoImpl.java:31)
	at com.spring66.tutorial.dao.UserDaoTest.testAddUser(UserDaoTest.java:70)
Caused by: com.ibatis.common.jdbc.exception.NestedSQLException:   
--- The error occurred in ibatis/users.xml.  
--- The error occurred while applying a parameter map.  
--- Check the insertUser-InlineParameterMap.  
--- Check the statement (update failed).  
--- Cause: com.mysql.jdbc.exceptions.jdbc4.MySQLIntegrityConstraintViolationException: Duplicate entry 'user123' for key 'PRIMARY'
	at com.ibatis.sqlmap.engine.mapping.statement.MappedStatement.executeUpdate(MappedStatement.java:107)
	at com.ibatis.sqlmap.engine.impl.SqlMapExecutorDelegate.insert(SqlMapExecutorDelegate.java:393)
	at com.ibatis.sqlmap.engine.impl.SqlMapSessionImpl.insert(SqlMapSessionImpl.java:82)
	at org.springframework.orm.ibatis.SqlMapClientTemplate$9.doInSqlMapClient(SqlMapClientTemplate.java:399)
	at org.springframework.orm.ibatis.SqlMapClientTemplate.execute(SqlMapClientTemplate.java:209)
	... 32 more
Caused by: com.mysql.jdbc.exceptions.jdbc4.MySQLIntegrityConstraintViolationException: Duplicate entry 'user123' for key 'PRIMARY'
	at sun.reflect.NativeConstructorAccessorImpl.newInstance0(Native Method)
	at sun.reflect.NativeConstructorAccessorImpl.newInstance(NativeConstructorAccessorImpl.java:39)
	at sun.reflect.DelegatingConstructorAccessorImpl.newInstance(DelegatingConstructorAccessorImpl.java:27)
	at java.lang.reflect.Constructor.newInstance(Constructor.java:513)
	at com.mysql.jdbc.Util.handleNewInstance(Util.java:406)
	at com.mysql.jdbc.Util.getInstance(Util.java:381)
	at com.mysql.jdbc.SQLError.createSQLException(SQLError.java:1015)
	at com.mysql.jdbc.SQLError.createSQLException(SQLError.java:956)
	at com.mysql.jdbc.MysqlIO.checkErrorPacket(MysqlIO.java:3491)
	at com.mysql.jdbc.MysqlIO.checkErrorPacket(MysqlIO.java:3423)
	at com.mysql.jdbc.MysqlIO.sendCommand(MysqlIO.java:1936)
	at com.mysql.jdbc.MysqlIO.sqlQueryDirect(MysqlIO.java:2060)
	at com.mysql.jdbc.ConnectionImpl.execSQL(ConnectionImpl.java:2542)
	at com.mysql.jdbc.PreparedStatement.executeInternal(PreparedStatement.java:1734)
	at com.mysql.jdbc.PreparedStatement.execute(PreparedStatement.java:995)
	at org.apache.commons.dbcp.DelegatingPreparedStatement.execute(DelegatingPreparedStatement.java:169)
	at com.ibatis.sqlmap.engine.execution.SqlExecutor.executeUpdate(SqlExecutor.java:80)
	at com.ibatis.sqlmap.engine.mapping.statement.MappedStatement.sqlExecuteUpdate(MappedStatement.java:216)
	at com.ibatis.sqlmap.engine.mapping.statement.MappedStatement.executeUpdate(MappedStatement.java:94)
	... 36 more

