<?xml version="1.0" encoding="UTF-8" ?>
<testsuite failures="1" time="1.301" errors="1" skipped="0" tests="4" name="com.spring66.tutorial.dao.UserDaoTest">
  <properties>
[...]
</properties>
  <testcase time="0.625" classname="com.spring66.tutorial.dao.UserDaoTest" name="testLoadBean"/>
  <testcase time="0.451" classname="com.spring66.tutorial.dao.UserDaoTest" name="testListAllUsers">
    <failure message="expected:&lt;2&gt; but was:&lt;3&gt;" type="junit.framework.AssertionFailedError">junit.framework.AssertionFailedError: expected:&lt;2&gt; but was:&lt;3&gt;
	at junit.framework.Assert.fail(Assert.java:47)
	at junit.framework.Assert.failNotEquals(Assert.java:282)
	at junit.framework.Assert.assertEquals(Assert.java:64)
	at junit.framework.Assert.assertEquals(Assert.java:201)
	at junit.framework.Assert.assertEquals(Assert.java:207)
	at com.spring66.tutorial.dao.UserDaoTest.testListAllUsers(UserDaoTest.java:43)
</failure>
  </testcase>
  <testcase time="0.002" classname="com.spring66.tutorial.dao.UserDaoTest" name="testGetUserById"/>
  <testcase time="0.141" classname="com.spring66.tutorial.dao.UserDaoTest" name="testAddUser">
    <error message="SqlMapClient operation; SQL [];   
--- The error occurred in ibatis/users.xml.  
--- The error occurred while applying a parameter map.  
--- Check the insertUser-InlineParameterMap.  
--- Check the statement (update failed).  
--- Cause: com.mysql.jdbc.exceptions.jdbc4.MySQLIntegrityConstraintViolationException: Duplicate entry &apos;user123&apos; for key &apos;PRIMARY&apos;; nested exception is com.ibatis.common.jdbc.exception.NestedSQLException:   
--- The error occurred in ibatis/users.xml.  
--- The error occurred while applying a parameter map.  
--- Check the insertUser-InlineParameterMap.  
--- Check the statement (update failed).  
--- Cause: com.mysql.jdbc.exceptions.jdbc4.MySQLIntegrityConstraintViolationException: Duplicate entry &apos;user123&apos; for key &apos;PRIMARY&apos;" type="org.springframework.dao.DataIntegrityViolationException">org.springframework.dao.DataIntegrityViolationException: SqlMapClient operation; SQL [];   
--- The error occurred in ibatis/users.xml.  
--- The error occurred while applying a parameter map.  
--- Check the insertUser-InlineParameterMap.  
--- Check the statement (update failed).  
--- Cause: com.mysql.jdbc.exceptions.jdbc4.MySQLIntegrityConstraintViolationException: Duplicate entry &apos;user123&apos; for key &apos;PRIMARY&apos;; nested exception is com.ibatis.common.jdbc.exception.NestedSQLException:   
--- The error occurred in ibatis/users.xml.  
--- The error occurred while applying a parameter map.  
--- Check the insertUser-InlineParameterMap.  
--- Check the statement (update failed).  
--- Cause: com.mysql.jdbc.exceptions.jdbc4.MySQLIntegrityConstraintViolationException: Duplicate entry &apos;user123&apos; for key &apos;PRIMARY&apos;
	at org.springframework.jdbc.support.SQLErrorCodeSQLExceptionTranslator.doTranslate(SQLErrorCodeSQLExceptionTranslator.java:228)
	at org.springframework.jdbc.support.AbstractFallbackSQLExceptionTranslator.translate(AbstractFallbackSQLExceptionTranslator.java:72)
	at org.springframework.orm.ibatis.SqlMapClientTemplate.execute(SqlMapClientTemplate.java:212)
	at org.springframework.orm.ibatis.SqlMapClientTemplate.insert(SqlMapClientTemplate.java:397)
	at com.spring66.tutorial.dao.impl.UserDaoImpl.addUser(UserDaoImpl.java:31)
	at com.spring66.tutorial.dao.UserDaoTest.testAddUser(UserDaoTest.java:70)
Caused by: com.ibatis.common.jdbc.exception.NestedSQLException:   
--- The error occurred in ibatis/users.xml.  
--- The error occurred while applying a parameter map.  
--- Check the insertUser-InlineParameterMap.  
--- Check the statement (update failed).  
--- Cause: com.mysql.jdbc.exceptions.jdbc4.MySQLIntegrityConstraintViolationException: Duplicate entry &apos;user123&apos; for key &apos;PRIMARY&apos;
	at com.ibatis.sqlmap.engine.mapping.statement.MappedStatement.executeUpdate(MappedStatement.java:107)
	at com.ibatis.sqlmap.engine.impl.SqlMapExecutorDelegate.insert(SqlMapExecutorDelegate.java:393)
	at com.ibatis.sqlmap.engine.impl.SqlMapSessionImpl.insert(SqlMapSessionImpl.java:82)
	at org.springframework.orm.ibatis.SqlMapClientTemplate$9.doInSqlMapClient(SqlMapClientTemplate.java:399)
	at org.springframework.orm.ibatis.SqlMapClientTemplate.execute(SqlMapClientTemplate.java:209)
	... 32 more
Caused by: com.mysql.jdbc.exceptions.jdbc4.MySQLIntegrityConstraintViolationException: Duplicate entry &apos;user123&apos; for key &apos;PRIMARY&apos;
	at sun.reflect.NativeConstructorAccessorImpl.newInstance0(Native Method)
	at sun.reflect.NativeConstructorAccessorImpl.newInstance(NativeConstructorAccessorImpl.java:39)
	at sun.reflect.DelegatingConstructorAccessorImpl.newInstance(DelegatingConstructorAccessorImpl.java:27)
	at java.lang.reflect.Constructor.newInstance(Constructor.java:513)
	at com.mysql.jdbc.Util.handleNewInstance(Util.java:406)
	at com.mysql.jdbc.Util.getInstance(Util.java:381)
	at com.mysql.jdbc.SQLError.createSQLException(SQLError.java:1015)
	at com.mysql.jdbc.SQLError.createSQLException(SQLError.java:956)
	at com.mysql.jdbc.MysqlIO.checkErrorPacket(MysqlIO.java:3491)
	at com.mysql.jdbc.MysqlIO.checkErrorPacket(MysqlIO.java:3423)
	at com.mysql.jdbc.MysqlIO.sendCommand(MysqlIO.java:1936)
	at com.mysql.jdbc.MysqlIO.sqlQueryDirect(MysqlIO.java:2060)
	at com.mysql.jdbc.ConnectionImpl.execSQL(ConnectionImpl.java:2542)
	at com.mysql.jdbc.PreparedStatement.executeInternal(PreparedStatement.java:1734)
	at com.mysql.jdbc.PreparedStatement.execute(PreparedStatement.java:995)
	at org.apache.commons.dbcp.DelegatingPreparedStatement.execute(DelegatingPreparedStatement.java:169)
	at com.ibatis.sqlmap.engine.execution.SqlExecutor.executeUpdate(SqlExecutor.java:80)
	at com.ibatis.sqlmap.engine.mapping.statement.MappedStatement.sqlExecuteUpdate(MappedStatement.java:216)
	at com.ibatis.sqlmap.engine.mapping.statement.MappedStatement.executeUpdate(MappedStatement.java:94)
	... 36 more
</error>
    <system-err>Jun 20, 2013 4:41:08 PM org.springframework.beans.factory.xml.XmlBeanDefinitionReader loadBeanDefinitions
INFO: Loading XML bean definitions from class path resource [org/springframework/jdbc/support/sql-error-codes.xml]
Jun 20, 2013 4:41:09 PM org.springframework.jdbc.support.SQLErrorCodesFactory &lt;init&gt;
INFO: SQLErrorCodes loaded: [DB2, Derby, H2, HSQL, Informix, MS-SQL, MySQL, Oracle, PostgreSQL, Sybase]
</system-err>
  </testcase>
</testsuite>